1551903299361	mozrunner::runner	INFO	Running command: "/usr/bin/firefox" "-marionette" "-foreground" "-no-remote" "-profile" "/tmp/rust_mozprofile.i5sc4XDCLUif"
1551903299681	addons.webextension.screenshots@mozilla.org	WARN	Loading extension 'screenshots@mozilla.org': Reading manifest: Invalid host permission: resource://pdf.js/
1551903299682	addons.webextension.screenshots@mozilla.org	WARN	Loading extension 'screenshots@mozilla.org': Reading manifest: Invalid host permission: about:reader*
1551903300972	Marionette	INFO	Listening on port 36213
1551903301092	Marionette	WARN	TLS certificate errors will be ignored for this session
1551903304626	Marionette	INFO	Stopped listening on port 36213
[Parent 21820, Gecko_IOThread] WARNING: pipe error (69): Connection reset by peer: file /build/firefox-eA9fYo/firefox-65.0.1+build2/ipc/chromium/src/chrome/common/ipc_channel_posix.cc, line 349
1551903791851	mozrunner::runner	INFO	Running command: "/usr/bin/firefox" "-marionette" "-foreground" "-no-remote" "-profile" "/tmp/rust_mozprofile.w6aINW1EnSGL"
1551903792211	addons.webextension.screenshots@mozilla.org	WARN	Loading extension 'screenshots@mozilla.org': Reading manifest: Invalid host permission: resource://pdf.js/
1551903792211	addons.webextension.screenshots@mozilla.org	WARN	Loading extension 'screenshots@mozilla.org': Reading manifest: Invalid host permission: about:reader*
1551903793476	Marionette	INFO	Listening on port 35933
1551903793556	Marionette	WARN	TLS certificate errors will be ignored for this session
1551903795099	Marionette	INFO	Stopped listening on port 35933
[Parent 22579, Gecko_IOThread] WARNING: pipe error (69): Connection reset by peer: file /build/firefox-eA9fYo/firefox-65.0.1+build2/ipc/chromium/src/chrome/common/ipc_channel_posix.cc, line 349
JavaScript error: resource://gre/modules/Sqlite.jsm, line 841: Error: Connection is not open.
1551903845289	mozrunner::runner	INFO	Running command: "/usr/bin/firefox" "-marionette" "-foreground" "-no-remote" "-profile" "/tmp/rust_mozprofile.jGSVBHScPLA3"
1551903845597	addons.webextension.screenshots@mozilla.org	WARN	Loading extension 'screenshots@mozilla.org': Reading manifest: Invalid host permission: resource://pdf.js/
1551903845597	addons.webextension.screenshots@mozilla.org	WARN	Loading extension 'screenshots@mozilla.org': Reading manifest: Invalid host permission: about:reader*
1551903846844	Marionette	INFO	Listening on port 45523
1551903846896	Marionette	WARN	TLS certificate errors will be ignored for this session
1551903848429	Marionette	INFO	Stopped listening on port 45523
[Parent 22949, Gecko_IOThread] WARNING: pipe error (69): Connection reset by peer: file /build/firefox-eA9fYo/firefox-65.0.1+build2/ipc/chromium/src/chrome/common/ipc_channel_posix.cc, line 349
1551903862257	mozrunner::runner	INFO	Running command: "/usr/bin/firefox" "-marionette" "-foreground" "-no-remote" "-profile" "/tmp/rust_mozprofile.eJwPPswuuuMp"
1551903862576	addons.webextension.screenshots@mozilla.org	WARN	Loading extension 'screenshots@mozilla.org': Reading manifest: Invalid host permission: resource://pdf.js/
1551903862577	addons.webextension.screenshots@mozilla.org	WARN	Loading extension 'screenshots@mozilla.org': Reading manifest: Invalid host permission: about:reader*
1551903863884	Marionette	INFO	Listening on port 33321
1551903863968	Marionette	WARN	TLS certificate errors will be ignored for this session
1551903865495	Marionette	INFO	Stopped listening on port 33321
IPDL protocol error: Handler returned error code!

###!!! [Parent][DispatchAsyncMessage] Error: PLayerTransaction::Msg_ReleaseLayer Processing error: message was deserialized, but the handler returned false (indicating failure)

IPDL protocol error: Handler returned error code!

###!!! [Parent][DispatchAsyncMessage] Error: PLayerTransaction::Msg_ReleaseLayer Processing error: message was deserialized, but the handler returned false (indicating failure)

[Parent 23301, Gecko_IOThread] WARNING: pipe error (69): Connection reset by peer: file /build/firefox-eA9fYo/firefox-65.0.1+build2/ipc/chromium/src/chrome/common/ipc_channel_posix.cc, line 349
1551903898406	mozrunner::runner	INFO	Running command: "/usr/bin/firefox" "-marionette" "-foreground" "-no-remote" "-profile" "/tmp/rust_mozprofile.IUFhNrL5ruZB"
1551903898713	addons.webextension.screenshots@mozilla.org	WARN	Loading extension 'screenshots@mozilla.org': Reading manifest: Invalid host permission: resource://pdf.js/
1551903898714	addons.webextension.screenshots@mozilla.org	WARN	Loading extension 'screenshots@mozilla.org': Reading manifest: Invalid host permission: about:reader*
1551903900100	Marionette	INFO	Listening on port 33957
1551903900111	Marionette	WARN	TLS certificate errors will be ignored for this session
1551903901546	Marionette	INFO	Stopped listening on port 33957
[Parent 23662, Gecko_IOThread] WARNING: pipe error (69): Connection reset by peer: file /build/firefox-eA9fYo/firefox-65.0.1+build2/ipc/chromium/src/chrome/common/ipc_channel_posix.cc, line 349
[Parent 23662, Gecko_IOThread] WARNING: pipe error (70): Connection reset by peer: file /build/firefox-eA9fYo/firefox-65.0.1+build2/ipc/chromium/src/chrome/common/ipc_channel_posix.cc, line 349
1551903907999	mozrunner::runner	INFO	Running command: "/usr/bin/firefox" "-marionette" "-foreground" "-no-remote" "-profile" "/tmp/rust_mozprofile.qAhwDexGsD3I"
1551903908312	addons.webextension.screenshots@mozilla.org	WARN	Loading extension 'screenshots@mozilla.org': Reading manifest: Invalid host permission: resource://pdf.js/
1551903908313	addons.webextension.screenshots@mozilla.org	WARN	Loading extension 'screenshots@mozilla.org': Reading manifest: Invalid host permission: about:reader*
1551903909595	Marionette	INFO	Listening on port 38687
1551903909611	Marionette	WARN	TLS certificate errors will be ignored for this session
1551903913413	Marionette	INFO	Stopped listening on port 38687
[Parent 23990, Gecko_IOThread] WARNING: pipe error (69): Connection reset by peer: file /build/firefox-eA9fYo/firefox-65.0.1+build2/ipc/chromium/src/chrome/common/ipc_channel_posix.cc, line 349
[Parent 23990, Gecko_IOThread] WARNING: pipe error (70): Connection reset by peer: file /build/firefox-eA9fYo/firefox-65.0.1+build2/ipc/chromium/src/chrome/common/ipc_channel_posix.cc, line 349
1551903980813	mozrunner::runner	INFO	Running command: "/usr/bin/firefox" "-marionette" "-foreground" "-no-remote" "-profile" "/tmp/rust_mozprofile.iMWV5IcSIWDF"
1551903981121	addons.webextension.screenshots@mozilla.org	WARN	Loading extension 'screenshots@mozilla.org': Reading manifest: Invalid host permission: resource://pdf.js/
1551903981121	addons.webextension.screenshots@mozilla.org	WARN	Loading extension 'screenshots@mozilla.org': Reading manifest: Invalid host permission: about:reader*
1551903982438	Marionette	INFO	Listening on port 41453
1551903982520	Marionette	WARN	TLS certificate errors will be ignored for this session
1551903987181	Marionette	WARN	TimedPromise timed out after 500 ms: stacktrace:
bail@chrome://marionette/content/sync.js:196:64
console.error: BroadcastService: 
  receivedBroadcastMessage: handler for
  remote-settings/monitor_changes
  threw error:
  Message: Error: Polling for changes failed: NetworkError when attempting to fetch resource..
  Stack:
    remoteSettingsFunction/remoteSettings.pollChanges@resource://services-settings/remote-settings.js:188:13

1551904052497	Marionette	INFO	Stopped listening on port 41453
[Parent 24369, Gecko_IOThread] WARNING: pipe error (69): Connection reset by peer: file /build/firefox-eA9fYo/firefox-65.0.1+build2/ipc/chromium/src/chrome/common/ipc_channel_posix.cc, line 349
